0 info it worked if it ends with ok
1 verbose cli [ '/home/ubuntu/.nvm/versions/node/v4.7.3/bin/node',
1 verbose cli   '/home/ubuntu/.nvm/versions/node/v4.7.3/bin/npm',
1 verbose cli   'install',
1 verbose cli   'cucumber-cloud9' ]
2 info using npm@2.15.11
3 info using node@v4.7.3
4 verbose install initial load of /home/ubuntu/workspace/timemanagement-master/package.json
5 verbose readDependencies loading dependencies from /home/ubuntu/workspace/timemanagement-master/package.json
6 silly cache add args [ 'cucumber-cloud9', null ]
7 verbose cache add spec cucumber-cloud9
8 silly cache add parsed spec Result {
8 silly cache add   raw: 'cucumber-cloud9',
8 silly cache add   scope: null,
8 silly cache add   name: 'cucumber-cloud9',
8 silly cache add   rawSpec: '',
8 silly cache add   spec: 'latest',
8 silly cache add   type: 'tag' }
9 silly addNamed cucumber-cloud9@latest
10 verbose addNamed "latest" is being treated as a dist-tag for cucumber-cloud9
11 info addNameTag [ 'cucumber-cloud9', 'latest' ]
12 silly mapToRegistry name cucumber-cloud9
13 silly mapToRegistry using default registry
14 silly mapToRegistry registry https://registry.npmjs.org/
15 silly mapToRegistry data Result {
15 silly mapToRegistry   raw: 'cucumber-cloud9',
15 silly mapToRegistry   scope: null,
15 silly mapToRegistry   name: 'cucumber-cloud9',
15 silly mapToRegistry   rawSpec: '',
15 silly mapToRegistry   spec: 'latest',
15 silly mapToRegistry   type: 'tag' }
16 silly mapToRegistry uri https://registry.npmjs.org/cucumber-cloud9
17 verbose addNameTag registry:https://registry.npmjs.org/cucumber-cloud9 not in flight; fetching
18 verbose request uri https://registry.npmjs.org/cucumber-cloud9
19 verbose request no auth needed
20 info attempt registry request try #1 at 6:56:55 PM
21 verbose request id ccde8190cceecd67
22 http request GET https://registry.npmjs.org/cucumber-cloud9
23 http 404 https://registry.npmjs.org/cucumber-cloud9
24 verbose headers { 'content-type': 'application/json',
24 verbose headers   'cache-control': 'max-age=0',
24 verbose headers   'content-length': '2',
24 verbose headers   'accept-ranges': 'bytes',
24 verbose headers   date: 'Sat, 20 May 2017 18:56:55 GMT',
24 verbose headers   via: '1.1 varnish',
24 verbose headers   age: '0',
24 verbose headers   connection: 'keep-alive',
24 verbose headers   'x-served-by': 'cache-ord1735-ORD',
24 verbose headers   'x-cache': 'MISS',
24 verbose headers   'x-cache-hits': '0',
24 verbose headers   'x-timer': 'S1495306615.315045,VS0,VE426',
24 verbose headers   vary: 'Accept-Encoding' }
25 silly get cb [ 404,
25 silly get   { 'content-type': 'application/json',
25 silly get     'cache-control': 'max-age=0',
25 silly get     'content-length': '2',
25 silly get     'accept-ranges': 'bytes',
25 silly get     date: 'Sat, 20 May 2017 18:56:55 GMT',
25 silly get     via: '1.1 varnish',
25 silly get     age: '0',
25 silly get     connection: 'keep-alive',
25 silly get     'x-served-by': 'cache-ord1735-ORD',
25 silly get     'x-cache': 'MISS',
25 silly get     'x-cache-hits': '0',
25 silly get     'x-timer': 'S1495306615.315045,VS0,VE426',
25 silly get     vary: 'Accept-Encoding' } ]
26 verbose stack Error: Registry returned 404 for GET on https://registry.npmjs.org/cucumber-cloud9
26 verbose stack     at makeError (/home/ubuntu/.nvm/versions/node/v4.7.3/lib/node_modules/npm/node_modules/npm-registry-client/lib/request.js:302:12)
26 verbose stack     at CachingRegistryClient.<anonymous> (/home/ubuntu/.nvm/versions/node/v4.7.3/lib/node_modules/npm/node_modules/npm-registry-client/lib/request.js:280:14)
26 verbose stack     at Request._callback (/home/ubuntu/.nvm/versions/node/v4.7.3/lib/node_modules/npm/node_modules/npm-registry-client/lib/request.js:210:14)
26 verbose stack     at Request.self.callback (/home/ubuntu/.nvm/versions/node/v4.7.3/lib/node_modules/npm/node_modules/request/request.js:187:22)
26 verbose stack     at emitTwo (events.js:87:13)
26 verbose stack     at Request.emit (events.js:172:7)
26 verbose stack     at Request.<anonymous> (/home/ubuntu/.nvm/versions/node/v4.7.3/lib/node_modules/npm/node_modules/request/request.js:1044:10)
26 verbose stack     at emitOne (events.js:77:13)
26 verbose stack     at Request.emit (events.js:169:7)
26 verbose stack     at IncomingMessage.<anonymous> (/home/ubuntu/.nvm/versions/node/v4.7.3/lib/node_modules/npm/node_modules/request/request.js:965:12)
27 verbose statusCode 404
28 verbose pkgid cucumber-cloud9
29 verbose cwd /home/ubuntu/workspace/timemanagement-master
30 error Linux 4.9.17-c9
31 error argv "/home/ubuntu/.nvm/versions/node/v4.7.3/bin/node" "/home/ubuntu/.nvm/versions/node/v4.7.3/bin/npm" "install" "cucumber-cloud9"
32 error node v4.7.3
33 error npm  v2.15.11
34 error code E404
35 error 404 Registry returned 404 for GET on https://registry.npmjs.org/cucumber-cloud9
35 error 404
35 error 404 'cucumber-cloud9' is not in the npm registry.
35 error 404 You should bug the author to publish it (or use the name yourself!)
35 error 404
35 error 404 Note that you can also install from a
35 error 404 tarball, folder, http url, or git url.
36 verbose exit [ 1, true ]
